Arguments: 
  C:\Program Files\nodejs\node.exe C:\Program Files (x86)\Yarn\bin\yarn.js add --dev babel-jest @babel/core @babel/preset-env

PATH: 
  C:\Program Files\Git\mingw64\bin;C:\Program Files\Git\usr\bin;C:\Users\virba\bin;C:\Python27;C:\Python27\Scripts;C:\Windows\system32;C:\Windows;C:\Windows\System32\Wbem;C:\Windows\System32\WindowsPowerShell\v1.0;C:\Windows\System32\OpenSSH;C:\Program Files\Git\cmd;C:\Program Files\nodejs;C:\ProgramData\chocolatey\bin;C:\Program Files (x86)\Yarn\bin;C:\HashiCorp\Vagrant\bin;C:\Ruby26-x64\bin;C:\Users\virba\AppData\Local\Microsoft\WindowsApps;C:\Users\virba\AppData\Local\Programs\Microsoft VS Code\bin;C:\Users\virba\AppData\Roaming\npm;C:\Program Files\heroku\bin;C:\Users\virba\AppData\Local\Yarn\bin

Yarn version: 
  1.22.0

Node version: 
  12.13.0

Platform: 
  win32 x64

Trace: 
  Error: EPERM: operation not permitted, unlink 'C:\Users\virba\dev\2020-Junior-Devs-Project\frontend\node_modules\deasync\bin\win32-x64-node-12\deasync.node'

npm manifest: 
  {
    "name": "frontend",
    "version": "1.0.0",
    "description": "",
    "main": "index.js",
    "scripts": {
      "dev": "parcel src/index.html",
      "storybook": "start-storybook -p 6006",
      "build-storybook": "build-storybook",
      "test": "jest"
    },
    "author": "",
    "license": "ISC",
    "devDependencies": {
      "@babel/core": "^7.9.6",
      "@storybook/addon-actions": "^5.3.18",
      "@storybook/addon-links": "^5.3.18",
      "@storybook/addons": "^5.3.18",
      "@storybook/react": "^5.3.18",
      "@testing-library/react": "^10.0.4",
      "babel-loader": "^8.1.0",
      "jest": "^25.5.3",
      "parcel-bundler": "^1.12.4"
    },
    "dependencies": {
      "react": "^16.13.1",
      "react-dom": "^16.13.1"
    }
  }

yarn manifest: 
  No manifest

Lockfile: 
  No lockfile
